<?xml version="1.0" encoding="UTF-8"?>
<testsuite xmlns:xsi="http://www.w3.org/2001/XMLSchema-instance" xsi:noNamespaceSchemaLocation="https://maven.apache.org/surefire/maven-surefire-plugin/xsd/surefire-test-report-3.0.xsd" version="3.0" name="TestSuite" time="596.309" tests="7" errors="0" skipped="0" failures="0">
  <properties>
[...]
</properties>
  <testcase name="loginToKuzaApplication" classname="login.LG001_Verify_User_Is_Able_To_Login_With_Valid_Credential" time="116.834">
    <system-err><![CDATA[SLF4J: No SLF4J providers were found.
SLF4J: Defaulting to no-operation (NOP) logger implementation
SLF4J: See https://www.slf4j.org/codes.html#noProviders for further details.
]]></system-err>
  </testcase>
  <testcase name="enterInvalidUsernameAndInvalidPassword" classname="login.LG002_Verifying_User_Is_Able_To_Get_Error_Message_When_User_Enter_Invalid_Username_And_Invalid_Password" time="18.439"/>
  <testcase name="enterInvalidUsernameAndValidPassword" classname="login.LG003_Verifying_User_Is_Able_To_Get_Error_Message_When_User_Enter_Invalid_Username_And_Valid_Password" time="18.938"/>
  <testcase name="enterInvalidUsernameAndValidPassword" classname="login.LG004_Verifying_User_Is_Able_To_Get_Error_Message_When_User_Enter_Valid_Username_But_Invalid_Password" time="18.527"/>
  <testcase name="enterInvalidUsernameAndValidPassword" classname="login.LG005_Verifying_User_Is_Able_To_Get_Error_Message_When_User_Does_Not_Enter_Username_And_Password" time="14.724"/>
  <testcase name="enterInvalidUsernameAndValidPassword" classname="Sync.AY001_Verify_User_Is_Able_To_Sync_Data_To_Cloud" time="175.986"/>
  <testcase name="enterInvalidUsernameAndValidPassword" classname="Sync.AY002_Verify_User_Is_Able_To_Sync_Data_To_Cloud_In_Menu_Section_And_Cancel_The_Sync" time="150.274"/>
</testsuite>